Determining if the function log exists failed with the following output:
Change Dir: /home/alvin/RPI/Sophomore/Spring/Tutorial/Step4/build/CMakeFiles/CMakeTmp

Run Build Command:/usr/bin/make "cmTryCompileExec1895651414/fast"
/usr/bin/make -f CMakeFiles/cmTryCompileExec1895651414.dir/build.make CMakeFiles/cmTryCompileExec1895651414.dir/build
make[1]: Entering directory `/home/alvin/RPI/Sophomore/Spring/Tutorial/Step4/build/CMakeFiles/CMakeTmp'
/usr/bin/cmake -E cmake_progress_report /home/alvin/RPI/Sophomore/Spring/Tutorial/Step4/build/CMakeFiles/CMakeTmp/CMakeFiles 1
Building C object CMakeFiles/cmTryCompileExec1895651414.dir/CheckFunctionExists.c.o
/usr/bin/cc   -DCHECK_FUNCTION_EXISTS=log   -o CMakeFiles/cmTryCompileExec1895651414.dir/CheckFunctionExists.c.o   -c /usr/share/cmake-2.8/Modules/CheckFunctionExists.c
<command-line>:0:23: warning: conflicting types for built-in function ‘log’ [enabled by default]
/usr/share/cmake-2.8/Modules/CheckFunctionExists.c:3:6: note: in expansion of macro ‘CHECK_FUNCTION_EXISTS’
 char CHECK_FUNCTION_EXISTS();
      ^
Linking C executable cmTryCompileExec1895651414
/usr/bin/cmake -E cmake_link_script CMakeFiles/cmTryCompileExec1895651414.dir/link.txt --verbose=1
/usr/bin/cc   -DCHECK_FUNCTION_EXISTS=log    CMakeFiles/cmTryCompileExec1895651414.dir/CheckFunctionExists.c.o  -o cmTryCompileExec1895651414 -rdynamic 
CMakeFiles/cmTryCompileExec1895651414.dir/CheckFunctionExists.c.o: In function `main':
CheckFunctionExists.c:(.text+0x15): undefined reference to `log'
collect2: error: ld returned 1 exit status
make[1]: *** [cmTryCompileExec1895651414] Error 1
make[1]: Leaving directory `/home/alvin/RPI/Sophomore/Spring/Tutorial/Step4/build/CMakeFiles/CMakeTmp'
make: *** [cmTryCompileExec1895651414/fast] Error 2


Determining if the function exp exists failed with the following output:
Change Dir: /home/alvin/RPI/Sophomore/Spring/Tutorial/Step4/build/CMakeFiles/CMakeTmp

Run Build Command:/usr/bin/make "cmTryCompileExec2595809208/fast"
/usr/bin/make -f CMakeFiles/cmTryCompileExec2595809208.dir/build.make CMakeFiles/cmTryCompileExec2595809208.dir/build
make[1]: Entering directory `/home/alvin/RPI/Sophomore/Spring/Tutorial/Step4/build/CMakeFiles/CMakeTmp'
/usr/bin/cmake -E cmake_progress_report /home/alvin/RPI/Sophomore/Spring/Tutorial/Step4/build/CMakeFiles/CMakeTmp/CMakeFiles 1
Building C object CMakeFiles/cmTryCompileExec2595809208.dir/CheckFunctionExists.c.o
/usr/bin/cc   -DCHECK_FUNCTION_EXISTS=exp   -o CMakeFiles/cmTryCompileExec2595809208.dir/CheckFunctionExists.c.o   -c /usr/share/cmake-2.8/Modules/CheckFunctionExists.c
<command-line>:0:23: warning: conflicting types for built-in function ‘exp’ [enabled by default]
/usr/share/cmake-2.8/Modules/CheckFunctionExists.c:3:6: note: in expansion of macro ‘CHECK_FUNCTION_EXISTS’
 char CHECK_FUNCTION_EXISTS();
      ^
Linking C executable cmTryCompileExec2595809208
/usr/bin/cmake -E cmake_link_script CMakeFiles/cmTryCompileExec2595809208.dir/link.txt --verbose=1
/usr/bin/cc   -DCHECK_FUNCTION_EXISTS=exp    CMakeFiles/cmTryCompileExec2595809208.dir/CheckFunctionExists.c.o  -o cmTryCompileExec2595809208 -rdynamic 
CMakeFiles/cmTryCompileExec2595809208.dir/CheckFunctionExists.c.o: In function `main':
CheckFunctionExists.c:(.text+0x15): undefined reference to `exp'
collect2: error: ld returned 1 exit status
make[1]: *** [cmTryCompileExec2595809208] Error 1
make[1]: Leaving directory `/home/alvin/RPI/Sophomore/Spring/Tutorial/Step4/build/CMakeFiles/CMakeTmp'
make: *** [cmTryCompileExec2595809208/fast] Error 2


