Determining if the function log exists failed with the following output:
Change Dir: /home/alvin/RPI/Sophomore/Spring/Tutorial/Step5/build/CMakeFiles/CMakeTmp

Run Build Command:/usr/bin/make "cmTryCompileExec2929702178/fast"
/usr/bin/make -f CMakeFiles/cmTryCompileExec2929702178.dir/build.make CMakeFiles/cmTryCompileExec2929702178.dir/build
make[1]: Entering directory `/home/alvin/RPI/Sophomore/Spring/Tutorial/Step5/build/CMakeFiles/CMakeTmp'
/usr/bin/cmake -E cmake_progress_report /home/alvin/RPI/Sophomore/Spring/Tutorial/Step5/build/CMakeFiles/CMakeTmp/CMakeFiles 1
Building C object CMakeFiles/cmTryCompileExec2929702178.dir/CheckFunctionExists.c.o
/usr/bin/cc   -DCHECK_FUNCTION_EXISTS=log   -o CMakeFiles/cmTryCompileExec2929702178.dir/CheckFunctionExists.c.o   -c /usr/share/cmake-2.8/Modules/CheckFunctionExists.c
<command-line>:0:23: warning: conflicting types for built-in function ‘log’ [enabled by default]
/usr/share/cmake-2.8/Modules/CheckFunctionExists.c:3:6: note: in expansion of macro ‘CHECK_FUNCTION_EXISTS’
 char CHECK_FUNCTION_EXISTS();
      ^
Linking C executable cmTryCompileExec2929702178
/usr/bin/cmake -E cmake_link_script CMakeFiles/cmTryCompileExec2929702178.dir/link.txt --verbose=1
/usr/bin/cc   -DCHECK_FUNCTION_EXISTS=log    CMakeFiles/cmTryCompileExec2929702178.dir/CheckFunctionExists.c.o  -o cmTryCompileExec2929702178 -rdynamic 
CMakeFiles/cmTryCompileExec2929702178.dir/CheckFunctionExists.c.o: In function `main':
CheckFunctionExists.c:(.text+0x15): undefined reference to `log'
collect2: error: ld returned 1 exit status
make[1]: *** [cmTryCompileExec2929702178] Error 1
make[1]: Leaving directory `/home/alvin/RPI/Sophomore/Spring/Tutorial/Step5/build/CMakeFiles/CMakeTmp'
make: *** [cmTryCompileExec2929702178/fast] Error 2


Determining if the function exp exists failed with the following output:
Change Dir: /home/alvin/RPI/Sophomore/Spring/Tutorial/Step5/build/CMakeFiles/CMakeTmp

Run Build Command:/usr/bin/make "cmTryCompileExec1201146423/fast"
/usr/bin/make -f CMakeFiles/cmTryCompileExec1201146423.dir/build.make CMakeFiles/cmTryCompileExec1201146423.dir/build
make[1]: Entering directory `/home/alvin/RPI/Sophomore/Spring/Tutorial/Step5/build/CMakeFiles/CMakeTmp'
/usr/bin/cmake -E cmake_progress_report /home/alvin/RPI/Sophomore/Spring/Tutorial/Step5/build/CMakeFiles/CMakeTmp/CMakeFiles 1
Building C object CMakeFiles/cmTryCompileExec1201146423.dir/CheckFunctionExists.c.o
/usr/bin/cc   -DCHECK_FUNCTION_EXISTS=exp   -o CMakeFiles/cmTryCompileExec1201146423.dir/CheckFunctionExists.c.o   -c /usr/share/cmake-2.8/Modules/CheckFunctionExists.c
<command-line>:0:23: warning: conflicting types for built-in function ‘exp’ [enabled by default]
/usr/share/cmake-2.8/Modules/CheckFunctionExists.c:3:6: note: in expansion of macro ‘CHECK_FUNCTION_EXISTS’
 char CHECK_FUNCTION_EXISTS();
      ^
Linking C executable cmTryCompileExec1201146423
/usr/bin/cmake -E cmake_link_script CMakeFiles/cmTryCompileExec1201146423.dir/link.txt --verbose=1
/usr/bin/cc   -DCHECK_FUNCTION_EXISTS=exp    CMakeFiles/cmTryCompileExec1201146423.dir/CheckFunctionExists.c.o  -o cmTryCompileExec1201146423 -rdynamic 
CMakeFiles/cmTryCompileExec1201146423.dir/CheckFunctionExists.c.o: In function `main':
CheckFunctionExists.c:(.text+0x15): undefined reference to `exp'
collect2: error: ld returned 1 exit status
make[1]: *** [cmTryCompileExec1201146423] Error 1
make[1]: Leaving directory `/home/alvin/RPI/Sophomore/Spring/Tutorial/Step5/build/CMakeFiles/CMakeTmp'
make: *** [cmTryCompileExec1201146423/fast] Error 2


